<?xml version="1.0" encoding="UTF-8"?>
<testsuite name="ru.stqa.geometry.SquareTests" tests="4" skipped="0" failures="0" errors="0" timestamp="2023-09-26T20:58:41" hostname="DESKTOP-23VK9RO" time="0.034">
  <properties/>
  <testcase name="canCalculateTriangleArea()" classname="ru.stqa.geometry.SquareTests" time="0.024"/>
  <testcase name="canCalculatePerimeter()" classname="ru.stqa.geometry.SquareTests" time="0.003"/>
  <testcase name="canCalculateArea()" classname="ru.stqa.geometry.SquareTests" time="0.001"/>
  <testcase name="canCalculateTrianglePerimeter()" classname="ru.stqa.geometry.SquareTests" time="0.001"/>
  <system-out><![CDATA[]]></system-out>
  <system-err><![CDATA[]]></system-err>
</testsuite>
