<?xml version="1.0" encoding="UTF-8"?>
<testsuite name="tests.ContactInfoTests" tests="1" skipped="0" failures="0" errors="0" timestamp="2023-11-23T11:29:40" hostname="DESKTOP-23VK9RO" time="0.221">
  <properties/>
  <testcase name="testPhonesEmailsAdresses()" classname="tests.ContactInfoTests" time="0.221"/>
  <system-out><![CDATA[]]></system-out>
  <system-err><![CDATA[]]></system-err>
</testsuite>
