<?xml version="1.0" encoding="UTF-8"?>
<testsuite name="tests.GroupModificationTests" tests="1" skipped="0" failures="0" errors="0" timestamp="2023-11-15T09:33:26" hostname="DESKTOP-23VK9RO" time="1.192">
  <properties/>
  <testcase name="canModifyGroup()" classname="tests.GroupModificationTests" time="1.192"/>
  <system-out><![CDATA[]]></system-out>
  <system-err><![CDATA[]]></system-err>
</testsuite>
