<?xml version="1.0" encoding="UTF-8"?>
<testsuite name="tests.GroupModificationTests" tests="1" skipped="0" failures="0" errors="0" timestamp="2023-10-29T21:56:44" hostname="DESKTOP-23VK9RO" time="4.53">
  <properties/>
  <testcase name="canModifyGroup()" classname="tests.GroupModificationTests" time="4.53"/>
  <system-out><![CDATA[]]></system-out>
  <system-err><![CDATA[]]></system-err>
</testsuite>
