<?xml version="1.0" encoding="UTF-8"?>
<testsuite name="tests.ContactCreationTests" tests="5" skipped="0" failures="0" errors="0" timestamp="2023-11-13T10:31:46" hostname="DESKTOP-23VK9RO" time="12.886">
  <properties/>
  <testcase name="[1] ContactData[id=, firstname=, lastname=, phone=, photo=src\test\resources\images\man.jpg]" classname="tests.ContactCreationTests" time="5.253"/>
  <testcase name="[2] ContactData[id=, firstname=xhbeetyvwz, lastname=rcwmfsahhd, phone=ujeyeahuzx, photo=src\test\resources\images\avatar.png]" classname="tests.ContactCreationTests" time="1.877"/>
  <testcase name="[3] ContactData[id=, firstname=rdusiarkzujxruujfkfh, lastname=gcflqdkhjxmcxvvabtyk, phone=xbkkldfbdqfviegeuatf, photo=src\test\resources\images\avatar.png]" classname="tests.ContactCreationTests" time="1.959"/>
  <testcase name="[4] ContactData[id=, firstname=gigfupuvcbvgovtmwjsqvcstocksvv, lastname=jsftdkkmesdzzrtaotgoizwjvfhnzx, phone=lvzbxiaftsrgsmplbwixyaxvmrhslx, photo=src\test\resources\images\cat.jpg]" classname="tests.ContactCreationTests" time="1.92"/>
  <testcase name="[5] ContactData[id=, firstname=adiuxsmusiiivpfzrksngoatuiwopqygauelezhv, lastname=goqauuxfkzpkqdkkrqkyqihxinioytsyvqjlyxzg, phone=lsvjwgfjzvhcqbessxhelmotfuaabezuvnpysjhv, photo=src\test\resources\images\avatar.png]" classname="tests.ContactCreationTests" time="1.871"/>
  <system-out><![CDATA[]]></system-out>
  <system-err><![CDATA[]]></system-err>
</testsuite>
