<?xml version="1.0" encoding="UTF-8"?>
<testsuite name="tests.GroupCreationTests" tests="14" skipped="0" failures="0" errors="0" timestamp="2023-11-10T12:25:48" hostname="DESKTOP-23VK9RO" time="27.789">
  <properties/>
  <testcase name="[1] GroupData[id=, name=group name', header=, footer=]" classname="tests.GroupCreationTests" time="1.879"/>
  <testcase name="[1] GroupData[id=, name=, header=, footer=]" classname="tests.GroupCreationTests" time="1.794"/>
  <testcase name="[2] GroupData[id=, name=, header=, footer=group footer]" classname="tests.GroupCreationTests" time="1.909"/>
  <testcase name="[3] GroupData[id=, name=, header=group header, footer=]" classname="tests.GroupCreationTests" time="1.924"/>
  <testcase name="[4] GroupData[id=, name=, header=group header, footer=group footer]" classname="tests.GroupCreationTests" time="2.011"/>
  <testcase name="[5] GroupData[id=, name=group name, header=, footer=]" classname="tests.GroupCreationTests" time="1.897"/>
  <testcase name="[6] GroupData[id=, name=group name, header=, footer=group footer]" classname="tests.GroupCreationTests" time="2.116"/>
  <testcase name="[7] GroupData[id=, name=group name, header=group header, footer=]" classname="tests.GroupCreationTests" time="1.966"/>
  <testcase name="[8] GroupData[id=, name=group name, header=group header, footer=group footer]" classname="tests.GroupCreationTests" time="1.932"/>
  <testcase name="[9] GroupData[id=, name=, header=, footer=]" classname="tests.GroupCreationTests" time="1.908"/>
  <testcase name="[10] GroupData[id=, name=yuhrlxauhq, header=ypvfarxgeh, footer=imhdzmameg]" classname="tests.GroupCreationTests" time="2.003"/>
  <testcase name="[11] GroupData[id=, name=afqwdkbgjlllahhbyssi, header=pgvqoyjhkbhklgztrenf, footer=ktvusiqrxovrmxuznemf]" classname="tests.GroupCreationTests" time="2.263"/>
  <testcase name="[12] GroupData[id=, name=nwgpvyvcnantozdkasuuipykdgupiy, header=nbysgqfhlpeyrtsubuddtfmomfpzpu, footer=cmkedqcurikufwzotzkxuyyjroznnp]" classname="tests.GroupCreationTests" time="2.113"/>
  <testcase name="[13] GroupData[id=, name=qzpxpuznistwggukvulfvplarqgduunjtofvnhke, header=lctccqwedhazcnyrkeadtzrwzvxobbjbrhioeqyn, footer=bhbgpdqykxflnranlbjonkyzqrlmkqusjshfnzyc]" classname="tests.GroupCreationTests" time="2.062"/>
  <system-out><![CDATA[]]></system-out>
  <system-err><![CDATA[]]></system-err>
</testsuite>
