<?xml version="1.0" encoding="UTF-8"?>
<testsuite name="tests.GroupCreationTests" tests="2" skipped="0" failures="0" errors="0" timestamp="2023-11-15T09:33:20" hostname="DESKTOP-23VK9RO" time="5.07">
  <properties/>
  <testcase name="[1] GroupData[id=, name=group name', header=, footer=]" classname="tests.GroupCreationTests" time="4.116"/>
  <testcase name="[1] GroupData[id=, name=fnzlpzievp, header=dhtlqchconazbdqvlbjy, footer=zqrxxzoyxdsigjemaejmsnhyrecrtb]" classname="tests.GroupCreationTests" time="0.952"/>
  <system-out><![CDATA[]]></system-out>
  <system-err><![CDATA[]]></system-err>
</testsuite>
