<?xml version="1.0" encoding="UTF-8"?>
<testsuite name="tests.ContactCreationTests" tests="13" skipped="0" failures="0" errors="0" timestamp="2023-11-09T11:51:52" hostname="DESKTOP-23VK9RO" time="26.704">
  <properties/>
  <testcase name="[1] ContactData[id=, firstname=, lastname=, phone=]" classname="tests.ContactCreationTests" time="6.453"/>
  <testcase name="[2] ContactData[id=, firstname=, lastname=, phone=9273471]" classname="tests.ContactCreationTests" time="1.098"/>
  <testcase name="[3] ContactData[id=, firstname=, lastname=contact lastname, phone=]" classname="tests.ContactCreationTests" time="1.273"/>
  <testcase name="[4] ContactData[id=, firstname=, lastname=contact lastname, phone=9273471]" classname="tests.ContactCreationTests" time="1.337"/>
  <testcase name="[5] ContactData[id=, firstname=contact name, lastname=, phone=]" classname="tests.ContactCreationTests" time="1.421"/>
  <testcase name="[6] ContactData[id=, firstname=contact name, lastname=, phone=9273471]" classname="tests.ContactCreationTests" time="1.516"/>
  <testcase name="[7] ContactData[id=, firstname=contact name, lastname=contact lastname, phone=]" classname="tests.ContactCreationTests" time="1.642"/>
  <testcase name="[8] ContactData[id=, firstname=contact name, lastname=contact lastname, phone=9273471]" classname="tests.ContactCreationTests" time="1.724"/>
  <testcase name="[9] ContactData[id=, firstname=, lastname=, phone=]" classname="tests.ContactCreationTests" time="1.781"/>
  <testcase name="[10] ContactData[id=, firstname=xwdilwidfw, lastname=ajhzsrvwhk, phone=xeugavwxhe]" classname="tests.ContactCreationTests" time="1.977"/>
  <testcase name="[11] ContactData[id=, firstname=roozpqxqmbalwuogppzd, lastname=wbznkxzoumvzwiqpjxba, phone=vkjserbdcekztofslama]" classname="tests.ContactCreationTests" time="2.034"/>
  <testcase name="[12] ContactData[id=, firstname=cergswnauhwjruvbciyiikjbuorjvn, lastname=lppjcgfgldexeuheesrezzurywktdz, phone=uftnqwmotevgkkyizivmjmulghlyly]" classname="tests.ContactCreationTests" time="2.223"/>
  <testcase name="[13] ContactData[id=, firstname=dygqmpnapoipvtioyqtjhniahshdnzoidmcdlgdx, lastname=vngpwdjxlhxnpctquhkwgzeukwggciybdewwgtwe, phone=zalbuboesnmigkdugwfzboihmwurzgxkzazcflig]" classname="tests.ContactCreationTests" time="2.217"/>
  <system-out><![CDATA[]]></system-out>
  <system-err><![CDATA[]]></system-err>
</testsuite>
