<?xml version="1.0" encoding="UTF-8"?>
<testsuite name="tests.ContactCreationTests" tests="1" skipped="0" failures="0" errors="0" timestamp="2023-10-30T21:49:13" hostname="DESKTOP-23VK9RO" time="5.046">
  <properties/>
  <testcase name="canCreateContact()" classname="tests.ContactCreationTests" time="5.046"/>
  <system-out><![CDATA[]]></system-out>
  <system-err><![CDATA[]]></system-err>
</testsuite>
