<?xml version="1.0" encoding="UTF-8"?>
<testsuite name="tests.GroupCreationTests" tests="14" skipped="0" failures="0" errors="0" timestamp="2023-11-05T16:54:57" hostname="DESKTOP-23VK9RO" time="18.181">
  <properties/>
  <testcase name="[1] GroupData[name=group name', header=, footer=]" classname="tests.GroupCreationTests" time="5.217"/>
  <testcase name="[1] GroupData[name=, header=, footer=]" classname="tests.GroupCreationTests" time="1.022"/>
  <testcase name="[2] GroupData[name=, header=, footer=group footer]" classname="tests.GroupCreationTests" time="0.998"/>
  <testcase name="[3] GroupData[name=, header=group header, footer=]" classname="tests.GroupCreationTests" time="0.975"/>
  <testcase name="[4] GroupData[name=, header=group header, footer=group footer]" classname="tests.GroupCreationTests" time="1.002"/>
  <testcase name="[5] GroupData[name=group name, header=, footer=]" classname="tests.GroupCreationTests" time="1.0"/>
  <testcase name="[6] GroupData[name=group name, header=, footer=group footer]" classname="tests.GroupCreationTests" time="0.982"/>
  <testcase name="[7] GroupData[name=group name, header=group header, footer=]" classname="tests.GroupCreationTests" time="1.042"/>
  <testcase name="[8] GroupData[name=group name, header=group header, footer=group footer]" classname="tests.GroupCreationTests" time="0.982"/>
  <testcase name="[9] GroupData[name=, header=, footer=]" classname="tests.GroupCreationTests" time="0.987"/>
  <testcase name="[10] GroupData[name=jxkzbpzlap, header=rbhxrymswy, footer=sileuixvgk]" classname="tests.GroupCreationTests" time="0.962"/>
  <testcase name="[11] GroupData[name=ucxcvwaxobwemndzzoqz, header=oxsjdcclhbwlmwxthrjq, footer=erxwdgncbxrumqkntvxv]" classname="tests.GroupCreationTests" time="0.979"/>
  <testcase name="[12] GroupData[name=bizqixrmzwoqbxmayjmyzkdgaxdgzx, header=zoixdvwpiupjxqnzemjkquvxwgtqlt, footer=rwuhaavwtultjmfwehxcwiifqveejs]" classname="tests.GroupCreationTests" time="1.016"/>
  <testcase name="[13] GroupData[name=eyetohttghdlapytkzosbmmquuoqdgodmfyxjbdu, header=uvbdxjrqiudaylmmolodcktcrrmvccloiksfamuv, footer=hqnolxxkodtwmsgniqekgbnpjtwxxmbxdqllqmsm]" classname="tests.GroupCreationTests" time="0.991"/>
  <system-out><![CDATA[]]></system-out>
  <system-err><![CDATA[]]></system-err>
</testsuite>
