<?xml version="1.0" encoding="UTF-8"?>
<testsuite name="tests.RemoveContactFromGroupTests" tests="1" skipped="0" failures="0" errors="0" timestamp="2023-11-23T11:29:59" hostname="DESKTOP-23VK9RO" time="2.696">
  <properties/>
  <testcase name="[1] ContactData[id=, firstname=xufgikixxj, lastname=gyoeubiryj, phone=syphinomlh, photo=, home=, work=, address=, secondary=, email=, email2=, email3=, address2=]" classname="tests.RemoveContactFromGroupTests" time="2.696"/>
  <system-out><![CDATA[empty
]]></system-out>
  <system-err><![CDATA[]]></system-err>
</testsuite>
