<?xml version="1.0" encoding="UTF-8"?>
<testsuite name="tests.GroupRemovalTests" tests="1" skipped="0" failures="0" errors="0" timestamp="2023-10-30T18:48:07" hostname="DESKTOP-23VK9RO" time="0.375">
  <properties/>
  <testcase name="canRemoveGroup()" classname="tests.GroupRemovalTests" time="0.375"/>
  <system-out><![CDATA[]]></system-out>
  <system-err><![CDATA[]]></system-err>
</testsuite>
