<?xml version="1.0" encoding="UTF-8"?>
<testsuite name="tests.ContactModificationTests" tests="1" skipped="0" failures="0" errors="0" timestamp="2023-11-08T21:21:52" hostname="DESKTOP-23VK9RO" time="1.822">
  <properties/>
  <testcase name="canModifyContact()" classname="tests.ContactModificationTests" time="1.822"/>
  <system-out><![CDATA[]]></system-out>
  <system-err><![CDATA[]]></system-err>
</testsuite>
