<?xml version="1.0" encoding="UTF-8"?>
<testsuite name="tests.GroupCreationTests" tests="6" skipped="0" failures="0" errors="0" timestamp="2023-11-13T14:21:03" hostname="DESKTOP-23VK9RO" time="6.136">
  <properties/>
  <testcase name="[1] GroupData[id=, name=group name', header=, footer=]" classname="tests.GroupCreationTests" time="1.02"/>
  <testcase name="[1] GroupData[id=, name=, header=, footer=]" classname="tests.GroupCreationTests" time="0.979"/>
  <testcase name="[2] GroupData[id=, name=vperrmhwml, header=qpyyiqzxfz, footer=kzdziczvdc]" classname="tests.GroupCreationTests" time="0.974"/>
  <testcase name="[3] GroupData[id=, name=mrcpwgfqmkyzobfhmovv, header=gbxizbeaxnsxutoipxrv, footer=cirqcdogoygzuwcpikph]" classname="tests.GroupCreationTests" time="0.998"/>
  <testcase name="[4] GroupData[id=, name=liphdzxlexgoeccbbmkeuuwhzxmplr, header=zpvyshxsxkantnoiplfgarwvouiwrb, footer=mgzpxhuiffszjiwsxdtopcnwbodtdj]" classname="tests.GroupCreationTests" time="1.035"/>
  <testcase name="[5] GroupData[id=, name=wvwilehnfjbondwkyxjioxscobdgjiotamnkasyf, header=ltakqirrjmjfftivfvzfyyscrpxnodmsgynerghq, footer=fjmkcqbloareilquoawreunokhzpgfcdsfiszead]" classname="tests.GroupCreationTests" time="1.114"/>
  <system-out><![CDATA[]]></system-out>
  <system-err><![CDATA[]]></system-err>
</testsuite>
