<?xml version="1.0" encoding="UTF-8"?>
<testsuite name="tests.GroupCreationTests" tests="1" skipped="0" failures="0" errors="0" timestamp="2023-11-12T14:26:22" hostname="DESKTOP-23VK9RO" time="5.856">
  <properties/>
  <testcase name="[1] GroupData[id=, name=tqrzxpzbdo, header=wdmcwpbgtiagdzgemevv, footer=inuypazdpuauibfoyxjiqhosprnztb]" classname="tests.GroupCreationTests" time="5.856"/>
  <system-out><![CDATA[]]></system-out>
  <system-err><![CDATA[]]></system-err>
</testsuite>
