<?xml version="1.0" encoding="UTF-8"?>
<testsuite name="tests.GroupModificationTests" tests="1" skipped="0" failures="0" errors="0" timestamp="2023-10-30T18:48:06" hostname="DESKTOP-23VK9RO" time="1.177">
  <properties/>
  <testcase name="canModifyGroup()" classname="tests.GroupModificationTests" time="1.177"/>
  <system-out><![CDATA[]]></system-out>
  <system-err><![CDATA[]]></system-err>
</testsuite>
