<?xml version="1.0" encoding="UTF-8"?>
<testsuite name="tests.ContactRemovalTests" tests="1" skipped="0" failures="0" errors="0" timestamp="2023-11-04T23:32:21" hostname="DESKTOP-23VK9RO" time="5.015">
  <properties/>
  <testcase name="canRemoveContact()" classname="tests.ContactRemovalTests" time="5.015"/>
  <system-out><![CDATA[]]></system-out>
  <system-err><![CDATA[]]></system-err>
</testsuite>
