<?xml version="1.0" encoding="UTF-8"?>
<testsuite name="tests.GroupRemovalTests" tests="2" skipped="0" failures="0" errors="0" timestamp="2023-11-10T12:26:19" hostname="DESKTOP-23VK9RO" time="10.826">
  <properties/>
  <testcase name="canRemoveAllGroupsAtOnce()" classname="tests.GroupRemovalTests" time="9.469"/>
  <testcase name="canRemoveGroup()" classname="tests.GroupRemovalTests" time="1.357"/>
  <system-out><![CDATA[]]></system-out>
  <system-err><![CDATA[]]></system-err>
</testsuite>
