<?xml version="1.0" encoding="UTF-8"?>
<testsuite name="tests.GroupRemovalTests" tests="2" skipped="0" failures="0" errors="0" timestamp="2023-11-15T09:33:27" hostname="DESKTOP-23VK9RO" time="4.071">
  <properties/>
  <testcase name="canRemoveAllGroupsAtOnce()" classname="tests.GroupRemovalTests" time="0.516"/>
  <testcase name="canRemoveGroup()" classname="tests.GroupRemovalTests" time="3.555"/>
  <system-out><![CDATA[]]></system-out>
  <system-err><![CDATA[]]></system-err>
</testsuite>
