<?xml version="1.0" encoding="UTF-8"?>
<testsuite name="tests.AddContactInGroupTests" tests="1" skipped="0" failures="1" errors="0" timestamp="2023-11-18T13:03:26" hostname="DESKTOP-23VK9RO" time="7.544">
  <properties/>
  <testcase name="canAddContactInGroup()" classname="tests.AddContactInGroupTests" time="7.544">
    <failure message="org.opentest4j.AssertionFailedError: expected: &lt;[ContactData[id=1574, firstname=contact name, lastname=contact lastname, phone=2334142, photo=, home=211442124, work=1241412255, address=, secondary=], ContactData[id=1575, firstname=smtmifgwke, lastname=nwkcmwhfql, phone=utaqrocbsw, photo=, home=, work=, address=, secondary=], ContactData[id=1576, firstname=ewwqqsgjnh, lastname=adqsaswcdw, phone=zqsywskraq, photo=, home=, work=, address=, secondary=], ContactData[id=1577, firstname=prfllxkejo, lastname=eccvirlajr, phone=xirnqmfgfc, photo=, home=, work=, address=, secondary=], ContactData[id=1578, firstname=tmxbossgrp, lastname=fmbqsgugbi, phone=cpbnudjevt, photo=, home=, work=, address=, secondary=], ContactData[id=1579, firstname=vciyqycnem, lastname=zvquhnttig, phone=svycekdqfb, photo=, home=, work=, address=, secondary=], ContactData[id=1580, firstname=abdswrlzyd, lastname=rhrtppvwte, phone=hcezsfgiqh, photo=, home=, work=, address=, secondary=], ContactData[id=1581, firstname=ahhpncfqyx, lastname=svvqugaezi, phone=rdsfjxhcjs, photo=, home=, work=, address=, secondary=], ContactData[id=1582, firstname=eduopflmhp, lastname=xalpdbkbcv, phone=pakpcmmnnz, photo=, home=, work=, address=, secondary=], ContactData[id=1583, firstname=mooisunkya, lastname=ejtycbwcay, phone=pxpolthktw, photo=, home=, work=, address=, secondary=]]&gt; but was: &lt;[ContactData[id=1574, firstname=contact name, lastname=contact lastname, phone=2334142, photo=, home=211442124, work=1241412255, address=, secondary=], ContactData[id=1575, firstname=smtmifgwke, lastname=nwkcmwhfql, phone=utaqrocbsw, photo=, home=, work=, address=, secondary=], ContactData[id=1576, firstname=ewwqqsgjnh, lastname=adqsaswcdw, phone=zqsywskraq, photo=, home=, work=, address=, secondary=], ContactData[id=1577, firstname=prfllxkejo, lastname=eccvirlajr, phone=xirnqmfgfc, photo=, home=, work=, address=, secondary=], ContactData[id=1578, firstname=tmxbossgrp, lastname=fmbqsgugbi, phone=cpbnudjevt, photo=, home=, work=, address=, secondary=], ContactData[id=1579, firstname=vciyqycnem, lastname=zvquhnttig, phone=svycekdqfb, photo=, home=, work=, address=, secondary=], ContactData[id=1580, firstname=abdswrlzyd, lastname=rhrtppvwte, phone=hcezsfgiqh, photo=, home=, work=, address=, secondary=], ContactData[id=1581, firstname=ahhpncfqyx, lastname=svvqugaezi, phone=rdsfjxhcjs, photo=, home=, work=, address=, secondary=], ContactData[id=1582, firstname=eduopflmhp, lastname=xalpdbkbcv, phone=pakpcmmnnz, photo=, home=, work=, address=, secondary=]]&gt;" type="org.opentest4j.AssertionFailedError">org.opentest4j.AssertionFailedError: expected: &lt;[ContactData[id=1574, firstname=contact name, lastname=contact lastname, phone=2334142, photo=, home=211442124, work=1241412255, address=, secondary=], ContactData[id=1575, firstname=smtmifgwke, lastname=nwkcmwhfql, phone=utaqrocbsw, photo=, home=, work=, address=, secondary=], ContactData[id=1576, firstname=ewwqqsgjnh, lastname=adqsaswcdw, phone=zqsywskraq, photo=, home=, work=, address=, secondary=], ContactData[id=1577, firstname=prfllxkejo, lastname=eccvirlajr, phone=xirnqmfgfc, photo=, home=, work=, address=, secondary=], ContactData[id=1578, firstname=tmxbossgrp, lastname=fmbqsgugbi, phone=cpbnudjevt, photo=, home=, work=, address=, secondary=], ContactData[id=1579, firstname=vciyqycnem, lastname=zvquhnttig, phone=svycekdqfb, photo=, home=, work=, address=, secondary=], ContactData[id=1580, firstname=abdswrlzyd, lastname=rhrtppvwte, phone=hcezsfgiqh, photo=, home=, work=, address=, secondary=], ContactData[id=1581, firstname=ahhpncfqyx, lastname=svvqugaezi, phone=rdsfjxhcjs, photo=, home=, work=, address=, secondary=], ContactData[id=1582, firstname=eduopflmhp, lastname=xalpdbkbcv, phone=pakpcmmnnz, photo=, home=, work=, address=, secondary=], ContactData[id=1583, firstname=mooisunkya, lastname=ejtycbwcay, phone=pxpolthktw, photo=, home=, work=, address=, secondary=]]&gt; but was: &lt;[ContactData[id=1574, firstname=contact name, lastname=contact lastname, phone=2334142, photo=, home=211442124, work=1241412255, address=, secondary=], ContactData[id=1575, firstname=smtmifgwke, lastname=nwkcmwhfql, phone=utaqrocbsw, photo=, home=, work=, address=, secondary=], ContactData[id=1576, firstname=ewwqqsgjnh, lastname=adqsaswcdw, phone=zqsywskraq, photo=, home=, work=, address=, secondary=], ContactData[id=1577, firstname=prfllxkejo, lastname=eccvirlajr, phone=xirnqmfgfc, photo=, home=, work=, address=, secondary=], ContactData[id=1578, firstname=tmxbossgrp, lastname=fmbqsgugbi, phone=cpbnudjevt, photo=, home=, work=, address=, secondary=], ContactData[id=1579, firstname=vciyqycnem, lastname=zvquhnttig, phone=svycekdqfb, photo=, home=, work=, address=, secondary=], ContactData[id=1580, firstname=abdswrlzyd, lastname=rhrtppvwte, phone=hcezsfgiqh, photo=, home=, work=, address=, secondary=], ContactData[id=1581, firstname=ahhpncfqyx, lastname=svvqugaezi, phone=rdsfjxhcjs, photo=, home=, work=, address=, secondary=], ContactData[id=1582, firstname=eduopflmhp, lastname=xalpdbkbcv, phone=pakpcmmnnz, photo=, home=, work=, address=, secondary=]]&gt;
	at app//org.junit.jupiter.api.AssertionFailureBuilder.build(AssertionFailureBuilder.java:151)
	at app//org.junit.jupiter.api.AssertionFailureBuilder.buildAndThrow(AssertionFailureBuilder.java:132)
	at app//org.junit.jupiter.api.AssertEquals.failNotEqual(AssertEquals.java:197)
	at app//org.junit.jupiter.api.AssertEquals.assertEquals(AssertEquals.java:182)
	at app//org.junit.jupiter.api.AssertEquals.assertEquals(AssertEquals.java:177)
	at app//org.junit.jupiter.api.Assertions.assertEquals(Assertions.java:1142)
	at app//tests.AddContactInGroupTests.canAddContactInGroup(AddContactInGroupTests.java:60)
	at java.base@17.0.8.1/jdk.internal.reflect.NativeMethodAccessorImpl.invoke0(Native Method)
	at java.base@17.0.8.1/jdk.internal.reflect.NativeMethodAccessorImpl.invoke(NativeMethodAccessorImpl.java:77)
	at java.base@17.0.8.1/jdk.internal.reflect.DelegatingMethodAccessorImpl.invoke(DelegatingMethodAccessorImpl.java:43)
	at java.base@17.0.8.1/java.lang.reflect.Method.invoke(Method.java:568)
	at app//org.junit.platform.commons.util.ReflectionUtils.invokeMethod(ReflectionUtils.java:727)
	at app//org.junit.jupiter.engine.execution.MethodInvocation.proceed(MethodInvocation.java:60)
	at app//org.junit.jupiter.engine.execution.InvocationInterceptorChain$ValidatingInvocation.proceed(InvocationInterceptorChain.java:131)
	at app//org.junit.jupiter.engine.extension.TimeoutExtension.intercept(TimeoutExtension.java:156)
	at app//org.junit.jupiter.engine.extension.TimeoutExtension.interceptTestableMethod(TimeoutExtension.java:147)
	at app//org.junit.jupiter.engine.extension.TimeoutExtension.interceptTestMethod(TimeoutExtension.java:86)
	at app//org.junit.jupiter.engine.execution.InterceptingExecutableInvoker$ReflectiveInterceptorCall.lambda$ofVoidMethod$0(InterceptingExecutableInvoker.java:103)
	at app//org.junit.jupiter.engine.execution.InterceptingExecutableInvoker.lambda$invoke$0(InterceptingExecutableInvoker.java:93)
	at app//org.junit.jupiter.engine.execution.InvocationInterceptorChain$InterceptedInvocation.proceed(InvocationInterceptorChain.java:106)
	at app//org.junit.jupiter.engine.execution.InvocationInterceptorChain.proceed(InvocationInterceptorChain.java:64)
	at app//org.junit.jupiter.engine.execution.InvocationInterceptorChain.chainAndInvoke(InvocationInterceptorChain.java:45)
	at app//org.junit.jupiter.engine.execution.InvocationInterceptorChain.invoke(InvocationInterceptorChain.java:37)
	at app//org.junit.jupiter.engine.execution.InterceptingExecutableInvoker.invoke(InterceptingExecutableInvoker.java:92)
	at app//org.junit.jupiter.engine.execution.InterceptingExecutableInvoker.invoke(InterceptingExecutableInvoker.java:86)
	at app//org.junit.jupiter.engine.descriptor.TestMethodTestDescriptor.lambda$invokeTestMethod$7(TestMethodTestDescriptor.java:217)
	at app//org.junit.platform.engine.support.hierarchical.ThrowableCollector.execute(ThrowableCollector.java:73)
	at app//org.junit.jupiter.engine.descriptor.TestMethodTestDescriptor.invokeTestMethod(TestMethodTestDescriptor.java:213)
	at app//org.junit.jupiter.engine.descriptor.TestMethodTestDescriptor.execute(TestMethodTestDescriptor.java:138)
	at app//org.junit.jupiter.engine.descriptor.TestMethodTestDescriptor.execute(TestMethodTestDescriptor.java:68)
	at app//org.junit.platform.engine.support.hierarchical.NodeTestTask.lambda$executeRecursively$6(NodeTestTask.java:151)
	at app//org.junit.platform.engine.support.hierarchical.ThrowableCollector.execute(ThrowableCollector.java:73)
	at app//org.junit.platform.engine.support.hierarchical.NodeTestTask.lambda$executeRecursively$8(NodeTestTask.java:141)
	at app//org.junit.platform.engine.support.hierarchical.Node.around(Node.java:137)
	at app//org.junit.platform.engine.support.hierarchical.NodeTestTask.lambda$executeRecursively$9(NodeTestTask.java:139)
	at app//org.junit.platform.engine.support.hierarchical.ThrowableCollector.execute(ThrowableCollector.java:73)
	at app//org.junit.platform.engine.support.hierarchical.NodeTestTask.executeRecursively(NodeTestTask.java:138)
	at app//org.junit.platform.engine.support.hierarchical.NodeTestTask.execute(NodeTestTask.java:95)
	at java.base@17.0.8.1/java.util.ArrayList.forEach(ArrayList.java:1511)
	at app//org.junit.platform.engine.support.hierarchical.SameThreadHierarchicalTestExecutorService.invokeAll(SameThreadHierarchicalTestExecutorService.java:41)
	at app//org.junit.platform.engine.support.hierarchical.NodeTestTask.lambda$executeRecursively$6(NodeTestTask.java:155)
	at app//org.junit.platform.engine.support.hierarchical.ThrowableCollector.execute(ThrowableCollector.java:73)
	at app//org.junit.platform.engine.support.hierarchical.NodeTestTask.lambda$executeRecursively$8(NodeTestTask.java:141)
	at app//org.junit.platform.engine.support.hierarchical.Node.around(Node.java:137)
	at app//org.junit.platform.engine.support.hierarchical.NodeTestTask.lambda$executeRecursively$9(NodeTestTask.java:139)
	at app//org.junit.platform.engine.support.hierarchical.ThrowableCollector.execute(ThrowableCollector.java:73)
	at app//org.junit.platform.engine.support.hierarchical.NodeTestTask.executeRecursively(NodeTestTask.java:138)
	at app//org.junit.platform.engine.support.hierarchical.NodeTestTask.execute(NodeTestTask.java:95)
	at java.base@17.0.8.1/java.util.ArrayList.forEach(ArrayList.java:1511)
	at app//org.junit.platform.engine.support.hierarchical.SameThreadHierarchicalTestExecutorService.invokeAll(SameThreadHierarchicalTestExecutorService.java:41)
	at app//org.junit.platform.engine.support.hierarchical.NodeTestTask.lambda$executeRecursively$6(NodeTestTask.java:155)
	at app//org.junit.platform.engine.support.hierarchical.ThrowableCollector.execute(ThrowableCollector.java:73)
	at app//org.junit.platform.engine.support.hierarchical.NodeTestTask.lambda$executeRecursively$8(NodeTestTask.java:141)
	at app//org.junit.platform.engine.support.hierarchical.Node.around(Node.java:137)
	at app//org.junit.platform.engine.support.hierarchical.NodeTestTask.lambda$executeRecursively$9(NodeTestTask.java:139)
	at app//org.junit.platform.engine.support.hierarchical.ThrowableCollector.execute(ThrowableCollector.java:73)
	at app//org.junit.platform.engine.support.hierarchical.NodeTestTask.executeRecursively(NodeTestTask.java:138)
	at app//org.junit.platform.engine.support.hierarchical.NodeTestTask.execute(NodeTestTask.java:95)
	at app//org.junit.platform.engine.support.hierarchical.SameThreadHierarchicalTestExecutorService.submit(SameThreadHierarchicalTestExecutorService.java:35)
	at app//org.junit.platform.engine.support.hierarchical.HierarchicalTestExecutor.execute(HierarchicalTestExecutor.java:57)
	at app//org.junit.platform.engine.support.hierarchical.HierarchicalTestEngine.execute(HierarchicalTestEngine.java:54)
	at app//org.junit.platform.launcher.core.EngineExecutionOrchestrator.execute(EngineExecutionOrchestrator.java:107)
	at app//org.junit.platform.launcher.core.EngineExecutionOrchestrator.execute(EngineExecutionOrchestrator.java:88)
	at app//org.junit.platform.launcher.core.EngineExecutionOrchestrator.lambda$execute$0(EngineExecutionOrchestrator.java:54)
	at app//org.junit.platform.launcher.core.EngineExecutionOrchestrator.withInterceptedStreams(EngineExecutionOrchestrator.java:67)
	at app//org.junit.platform.launcher.core.EngineExecutionOrchestrator.execute(EngineExecutionOrchestrator.java:52)
	at app//org.junit.platform.launcher.core.DefaultLauncher.execute(DefaultLauncher.java:114)
	at app//org.junit.platform.launcher.core.DefaultLauncher.execute(DefaultLauncher.java:86)
	at app//org.junit.platform.launcher.core.DefaultLauncherSession$DelegatingLauncher.execute(DefaultLauncherSession.java:86)
	at org.gradle.api.internal.tasks.testing.junitplatform.JUnitPlatformTestClassProcessor$CollectAllTestClassesExecutor.processAllTestClasses(JUnitPlatformTestClassProcessor.java:110)
	at org.gradle.api.internal.tasks.testing.junitplatform.JUnitPlatformTestClassProcessor$CollectAllTestClassesExecutor.access$000(JUnitPlatformTestClassProcessor.java:90)
	at org.gradle.api.internal.tasks.testing.junitplatform.JUnitPlatformTestClassProcessor.stop(JUnitPlatformTestClassProcessor.java:85)
	at org.gradle.api.internal.tasks.testing.SuiteTestClassProcessor.stop(SuiteTestClassProcessor.java:62)
	at java.base@17.0.8.1/jdk.internal.reflect.NativeMethodAccessorImpl.invoke0(Native Method)
	at java.base@17.0.8.1/jdk.internal.reflect.NativeMethodAccessorImpl.invoke(NativeMethodAccessorImpl.java:77)
	at java.base@17.0.8.1/jdk.internal.reflect.DelegatingMethodAccessorImpl.invoke(DelegatingMethodAccessorImpl.java:43)
	at java.base@17.0.8.1/java.lang.reflect.Method.invoke(Method.java:568)
	at org.gradle.internal.dispatch.ReflectionDispatch.dispatch(ReflectionDispatch.java:36)
	at org.gradle.internal.dispatch.ReflectionDispatch.dispatch(ReflectionDispatch.java:24)
	at org.gradle.internal.dispatch.ContextClassLoaderDispatch.dispatch(ContextClassLoaderDispatch.java:33)
	at org.gradle.internal.dispatch.ProxyDispatchAdapter$DispatchingInvocationHandler.invoke(ProxyDispatchAdapter.java:94)
	at jdk.proxy1/jdk.proxy1.$Proxy2.stop(Unknown Source)
	at org.gradle.api.internal.tasks.testing.worker.TestWorker$3.run(TestWorker.java:193)
	at org.gradle.api.internal.tasks.testing.worker.TestWorker.executeAndMaintainThreadName(TestWorker.java:129)
	at org.gradle.api.internal.tasks.testing.worker.TestWorker.execute(TestWorker.java:100)
	at org.gradle.api.internal.tasks.testing.worker.TestWorker.execute(TestWorker.java:60)
	at org.gradle.process.internal.worker.child.ActionExecutionWorker.execute(ActionExecutionWorker.java:56)
	at org.gradle.process.internal.worker.child.SystemApplicationClassLoaderWorker.call(SystemApplicationClassLoaderWorker.java:113)
	at org.gradle.process.internal.worker.child.SystemApplicationClassLoaderWorker.call(SystemApplicationClassLoaderWorker.java:65)
	at app//worker.org.gradle.process.internal.worker.GradleWorkerMain.run(GradleWorkerMain.java:69)
	at app//worker.org.gradle.process.internal.worker.GradleWorkerMain.main(GradleWorkerMain.java:74)
</failure>
  </testcase>
  <system-out><![CDATA[]]></system-out>
  <system-err><![CDATA[нояб. 18, 2023 4:03:29 PM org.hibernate.Version logVersion
INFO: HHH000412: Hibernate ORM core version 6.3.0.CR1
нояб. 18, 2023 4:03:29 PM org.hibernate.cfg.Environment <clinit>
INFO: HHH000406: Using bytecode reflection optimizer
нояб. 18, 2023 4:03:29 PM org.hibernate.cache.internal.RegionFactoryInitiator initiateService
INFO: HHH000026: Second-level cache disabled
нояб. 18, 2023 4:03:29 PM org.hibernate.engine.jdbc.connections.internal.DriverManagerConnectionProviderImpl configure
WARN: HHH10001002: Using built-in connection pool (not intended for production use)
нояб. 18, 2023 4:03:29 PM org.hibernate.engine.jdbc.connections.internal.DriverManagerConnectionProviderImpl buildCreator
INFO: HHH10001005: Loaded JDBC driver class: com.mysql.cj.jdbc.Driver
нояб. 18, 2023 4:03:29 PM org.hibernate.engine.jdbc.connections.internal.DriverManagerConnectionProviderImpl buildCreator
INFO: HHH10001012: Connecting with JDBC URL [jdbc:mysql://localhost/addressbook?zeroDateTimeBehavior=convertToNull]
нояб. 18, 2023 4:03:29 PM org.hibernate.engine.jdbc.connections.internal.DriverManagerConnectionProviderImpl buildCreator
INFO: HHH10001001: Connection properties: {password=****, user=root}
нояб. 18, 2023 4:03:29 PM org.hibernate.engine.jdbc.connections.internal.DriverManagerConnectionProviderImpl buildCreator
INFO: HHH10001003: Autocommit mode: false
нояб. 18, 2023 4:03:29 PM org.hibernate.engine.jdbc.connections.internal.DriverManagerConnectionProviderImpl$PooledConnections <init>
INFO: HHH10001115: Connection pool size: 20 (min=1)
нояб. 18, 2023 4:03:30 PM org.hibernate.dialect.Dialect checkVersion
WARN: HHH000511: The 5.5.0 version for [org.hibernate.dialect.MySQLDialect] is no longer supported, hence certain features may not work properly. The minimum supported version is 5.7.0. Check the community dialects project for available legacy versions.
нояб. 18, 2023 4:03:31 PM org.hibernate.engine.transaction.jta.platform.internal.JtaPlatformInitiator initiateService
INFO: HHH000489: No JTA platform available (set 'hibernate.transaction.jta.platform' to enable JTA platform integration)
]]></system-err>
</testsuite>
