<?xml version="1.0" encoding="UTF-8"?>
<testsuite name="tests.GroupCreationTests" tests="3" skipped="0" failures="0" errors="0" timestamp="2023-10-30T18:47:58" hostname="DESKTOP-23VK9RO" time="7.441">
  <properties/>
  <testcase name="CanCreateGroupWithEmptyName()" classname="tests.GroupCreationTests" time="5.556"/>
  <testcase name="CanCreateGroup()" classname="tests.GroupCreationTests" time="0.963"/>
  <testcase name="CanCreateGroupWithNameOnly()" classname="tests.GroupCreationTests" time="0.921"/>
  <system-out><![CDATA[]]></system-out>
  <system-err><![CDATA[]]></system-err>
</testsuite>
