<?xml version="1.0" encoding="UTF-8"?>
<testsuite name="tests.GroupRemovalTests" tests="2" skipped="0" failures="0" errors="0" timestamp="2023-11-22T14:50:49" hostname="DESKTOP-23VK9RO" time="7.154">
  <properties/>
  <testcase name="canRemoveAllGroupsAtOnce()" classname="tests.GroupRemovalTests" time="3.629"/>
  <testcase name="canRemoveGroup()" classname="tests.GroupRemovalTests" time="3.525"/>
  <system-out><![CDATA[]]></system-out>
  <system-err><![CDATA[]]></system-err>
</testsuite>
