<?xml version="1.0" encoding="UTF-8"?>
<testsuite name="tests.GroupModificationTests" tests="1" skipped="0" failures="0" errors="0" timestamp="2023-11-11T23:54:40" hostname="DESKTOP-23VK9RO" time="5.917">
  <properties/>
  <testcase name="canModifyGroup()" classname="tests.GroupModificationTests" time="5.917"/>
  <system-out><![CDATA[]]></system-out>
  <system-err><![CDATA[]]></system-err>
</testsuite>
