<?xml version="1.0" encoding="UTF-8"?>
<testsuite name="tests.ContactRemovalTests" tests="1" skipped="0" failures="0" errors="0" timestamp="2023-11-08T12:43:30" hostname="DESKTOP-23VK9RO" time="6.977">
  <properties/>
  <testcase name="canRemoveAllContactsAtOnce()" classname="tests.ContactRemovalTests" time="6.977"/>
  <system-out><![CDATA[]]></system-out>
  <system-err><![CDATA[]]></system-err>
</testsuite>
