<?xml version="1.0" encoding="UTF-8"?>
<testsuite name="tests.GroupRemovalTests" tests="2" skipped="0" failures="0" errors="0" timestamp="2023-11-23T11:29:55" hostname="DESKTOP-23VK9RO" time="4.049">
  <properties/>
  <testcase name="canRemoveAllGroupsAtOnce()" classname="tests.GroupRemovalTests" time="0.531"/>
  <testcase name="canRemoveGroup()" classname="tests.GroupRemovalTests" time="3.518"/>
  <system-out><![CDATA[]]></system-out>
  <system-err><![CDATA[]]></system-err>
</testsuite>
