<?xml version="1.0" encoding="UTF-8"?>
<testsuite name="tests.RemoveContactFromGroupTests" tests="1" skipped="0" failures="0" errors="0" timestamp="2023-11-22T14:50:57" hostname="DESKTOP-23VK9RO" time="1.782">
  <properties/>
  <testcase name="[1] ContactData[id=, firstname=kiuxfkdisc, lastname=tyunuyqnoh, phone=garojljnii, photo=, home=, work=, address=, secondary=, email=, email2=, email3=, address2=]" classname="tests.RemoveContactFromGroupTests" time="1.782"/>
  <system-out><![CDATA[]]></system-out>
  <system-err><![CDATA[]]></system-err>
</testsuite>
