<?xml version="1.0" encoding="UTF-8"?>
<testsuite name="ru.stqa.mantis.tests.UserRegistrationTests" tests="1" skipped="0" failures="0" errors="0" timestamp="2023-11-22T21:49:33" hostname="DESKTOP-23VK9RO" time="8.68">
  <properties/>
  <testcase name="canRegisterUser()" classname="ru.stqa.mantis.tests.UserRegistrationTests" time="8.68"/>
  <system-out><![CDATA[AddUser command executed sucessfully in 292 ms.

http://localhost/mantisbt-2.26.0/verify.php?id=20&confirm_hash=iZWp2xR55cCu-wOkSsDyRIKaHRC4K2wYfmOycx6PR9GwHTSHcdSQ1jsKHYm18W3VAJ120zKpBpau6IwpzE-w
]]></system-out>
  <system-err><![CDATA[SLF4J: Failed to load class "org.slf4j.impl.StaticLoggerBinder".
SLF4J: Defaulting to no-operation (NOP) logger implementation
SLF4J: See http://www.slf4j.org/codes.html#StaticLoggerBinder for further details.
]]></system-err>
</testsuite>
