<?xml version="1.0" encoding="UTF-8"?>
<testsuite name="ru.stqa.mantis.tests.UserRegistrationTests" tests="1" skipped="0" failures="0" errors="0" timestamp="2023-11-23T10:31:23" hostname="DESKTOP-23VK9RO" time="8.863">
  <properties/>
  <testcase name="canRegisterUserApi()" classname="ru.stqa.mantis.tests.UserRegistrationTests" time="8.863"/>
  <system-out><![CDATA[]]></system-out>
  <system-err><![CDATA[SLF4J: Failed to load class "org.slf4j.impl.StaticLoggerBinder".
SLF4J: Defaulting to no-operation (NOP) logger implementation
SLF4J: See http://www.slf4j.org/codes.html#StaticLoggerBinder for further details.
]]></system-err>
</testsuite>
