<?xml version="1.0" encoding="UTF-8"?>
<testsuite name="ru.stqa.mantis.tests.MailTests" tests="1" skipped="0" failures="0" errors="0" timestamp="2023-11-20T00:17:52" hostname="DESKTOP-23VK9RO" time="0.303">
  <properties/>
  <testcase name="canReceiveEmail()" classname="ru.stqa.mantis.tests.MailTests" time="0.303"/>
  <system-out><![CDATA[[MailMessage[from=Mantis Bug Tracker <noreply@example.com>, content=The user administrator has created an account for you with username "user1". In
order to complete your registration, visit the following URL (make sure it is
entered as the single line) and set your own access password:

http://localhost/mantisbt-2.26.0/verify.php?id=2&confirm_hash=coiPZWnHC63CimmTol-9rjKdzgchQQmpfNjeR5_ocquyOZfM0lGONejLRx8E6sehvDteUurY5MKGiUV2a3zC

If you did not request any registration, ignore this message and nothing will
happen.

Do not reply to this message

]]
]]></system-out>
  <system-err><![CDATA[]]></system-err>
</testsuite>
