<?xml version="1.0" encoding="UTF-8"?>
<testsuite name="ru.stqa.mantis.tests.IssueCreationTests" tests="1" skipped="0" failures="0" errors="0" timestamp="2023-11-23T11:45:04" hostname="DESKTOP-23VK9RO" time="0.584">
  <properties/>
  <testcase name="canCreateIssue()" classname="ru.stqa.mantis.tests.IssueCreationTests" time="0.584"/>
  <system-out><![CDATA[]]></system-out>
  <system-err><![CDATA[нояб. 23, 2023 2:45:04 PM org.apache.axis.utils.JavaUtils isAttachmentSupported
WARNING: Unable to find required classes (javax.activation.DataHandler and javax.mail.internet.MimeMultipart). Attachment support is disabled.
]]></system-err>
</testsuite>
